<?xml version="1.0" encoding="UTF-8"?>
<testsuite xmlns:xsi="http://www.w3.org/2001/XMLSchema-instance" xsi:noNamespaceSchemaLocation="https://maven.apache.org/surefire/maven-surefire-plugin/xsd/surefire-test-report.xsd" version="3.0.2" name="com.mycart.mycart_app.MycartAppApplicationTests" time="5.767" tests="1" errors="0" skipped="0" failures="0">
  <properties>
[...]
</properties>
  <testcase name="contextLoads" classname="com.mycart.mycart_app.MycartAppApplicationTests" time="1.15">
    <system-out><![CDATA[15:47:47.062 [main] INFO org.springframework.test.context.support.AnnotationConfigContextLoaderUtils -- Could not detect default configuration classes for test class [com.mycart.mycart_app.MycartAppApplicationTests]: MycartAppApplicationTests does not declare any static, non-private, non-final, nested classes annotated with @Configuration.
15:47:47.182 [main] INFO org.springframework.boot.test.context.SpringBootTestContextBootstrapper -- Found @SpringBootConfiguration com.mycart.mycart_app.MycartAppApplication for test class com.mycart.mycart_app.MycartAppApplicationTests

  .   ____          _            __ _ _
 /\\ / ___'_ __ _ _(_)_ __  __ _ \ \ \ \
( ( )\___ | '_ | '_| | '_ \/ _` | \ \ \ \
 \\/  ___)| |_)| | | | | || (_| |  ) ) ) )
  '  |____| .__|_| |_|_| |_\__, | / / / /
 =========|_|==============|___/=/_/_/_/

 :: Spring Boot ::                (v3.4.1)

2025-05-20T15:47:47.674+05:30  INFO 22476 --- [mycart-app] [           main] c.m.m.MycartAppApplicationTests          : Starting MycartAppApplicationTests using Java 21.0.2 with PID 22476 (started by 290676 in C:\Users\290676\Desktop\local req2\mycart-app)
2025-05-20T15:47:47.675+05:30  INFO 22476 --- [mycart-app] [           main] c.m.m.MycartAppApplicationTests          : No active profile set, falling back to 1 default profile: "default"
2025-05-20T15:47:48.533+05:30  INFO 22476 --- [mycart-app] [           main] .s.d.r.c.RepositoryConfigurationDelegate : Bootstrapping Spring Data MongoDB repositories in DEFAULT mode.
2025-05-20T15:47:48.562+05:30  INFO 22476 --- [mycart-app] [           main] .s.d.r.c.RepositoryConfigurationDelegate : Finished Spring Data repository scanning in 21 ms. Found 0 MongoDB repository interfaces.
2025-05-20T15:47:49.953+05:30  INFO 22476 --- [mycart-app] [           main] org.mongodb.driver.client                : MongoClient with metadata {"driver": {"name": "mongo-java-driver|sync|spring-boot", "version": "5.2.1"}, "os": {"type": "Windows", "name": "Windows 11", "architecture": "amd64", "version": "10.0"}, "platform": "Java/Oracle Corporation/21.0.2+13-58"} created with settings MongoClientSettings{readPreference=primary, writeConcern=WriteConcern{w=null, wTimeout=null ms, journal=null}, retryWrites=true, retryReads=true, readConcern=ReadConcern{level=null}, credential=null, transportSettings=null, commandListeners=[], codecRegistry=ProvidersCodecRegistry{codecProviders=[ValueCodecProvider{}, BsonValueCodecProvider{}, DBRefCodecProvider{}, DBObjectCodecProvider{}, DocumentCodecProvider{}, CollectionCodecProvider{}, IterableCodecProvider{}, MapCodecProvider{}, GeoJsonCodecProvider{}, GridFSFileCodecProvider{}, Jsr310CodecProvider{}, JsonObjectCodecProvider{}, BsonCodecProvider{}, EnumCodecProvider{}, com.mongodb.client.model.mql.ExpressionCodecProvider@1d17423f, com.mongodb.Jep395RecordCodecProvider@5c70d7f0, com.mongodb.KotlinCodecProvider@582dcd35]}, loggerSettings=LoggerSettings{maxDocumentLength=1000}, clusterSettings={hosts=[localhost:27017], srvServiceName=mongodb, mode=SINGLE, requiredClusterType=UNKNOWN, requiredReplicaSetName='null', serverSelector='null', clusterListeners='[]', serverSelectionTimeout='30000 ms', localThreshold='15 ms'}, socketSettings=SocketSettings{connectTimeoutMS=10000, readTimeoutMS=0, receiveBufferSize=0, proxySettings=ProxySettings{host=null, port=null, username=null, password=null}}, heartbeatSocketSettings=SocketSettings{connectTimeoutMS=10000, readTimeoutMS=10000, receiveBufferSize=0, proxySettings=ProxySettings{host=null, port=null, username=null, password=null}}, connectionPoolSettings=ConnectionPoolSettings{maxSize=100, minSize=0, maxWaitTimeMS=120000, maxConnectionLifeTimeMS=0, maxConnectionIdleTimeMS=0, maintenanceInitialDelayMS=0, maintenanceFrequencyMS=60000, connectionPoolListeners=[], maxConnecting=2}, serverSettings=ServerSettings{heartbeatFrequencyMS=10000, minHeartbeatFrequencyMS=500, serverMonitoringMode=AUTO, serverListeners='[]', serverMonitorListeners='[]'}, sslSettings=SslSettings{enabled=false, invalidHostNameAllowed=false, context=null}, applicationName='null', compressorList=[], uuidRepresentation=JAVA_LEGACY, serverApi=null, autoEncryptionSettings=null, dnsClient=null, inetAddressResolver=null, contextProvider=null, timeoutMS=null}
2025-05-20T15:47:50.011+05:30  INFO 22476 --- [mycart-app] [localhost:27017] org.mongodb.driver.cluster               : Monitor thread successfully connected to server with description ServerDescription{address=localhost:27017, type=STANDALONE, cryptd=false, state=CONNECTED, ok=true, minWireVersion=0, maxWireVersion=25, maxDocumentSize=16777216, logicalSessionTimeoutMinutes=30, roundTripTimeNanos=40088100, minRoundTripTimeNanos=0}
2025-05-20T15:47:50.773+05:30  INFO 22476 --- [mycart-app] [           main] o.a.c.support.LifecycleStrategySupport   : Autowired property: mongoConnection on component: mongodb as exactly one instance of type: com.mongodb.client.MongoClient (com.mongodb.client.internal.MongoClientImpl) found in the registry
2025-05-20T15:47:51.188+05:30  INFO 22476 --- [mycart-app] [           main] o.a.c.component.mongodb.MongoDbEndpoint  : Initialising MongoDb endpoint: mongodb://mongoBean?collection=item&database=mycartdb&operation=findById
2025-05-20T15:47:51.207+05:30  INFO 22476 --- [mycart-app] [           main] o.a.c.component.mongodb.MongoDbEndpoint  : Initialising MongoDb endpoint: mongodb://mongoBean?collection=item&database=mycartdb&dynamicity=true&operation=save
2025-05-20T15:47:51.214+05:30  INFO 22476 --- [mycart-app] [           main] o.a.c.impl.engine.AbstractCamelContext   : Apache Camel 4.11.0 (camel-1) is starting
2025-05-20T15:47:51.229+05:30  INFO 22476 --- [mycart-app] [           main] o.a.c.component.mongodb.MongoDbEndpoint  : Initialising MongoDb endpoint: mongodb://mongoBean?collection=item&database=mycartdb&operation=findById
2025-05-20T15:47:51.230+05:30  INFO 22476 --- [mycart-app] [           main] o.a.c.component.mongodb.MongoDbEndpoint  : Initialising MongoDb endpoint: mongodb://mongoBean?collection=item&database=mycartdb&dynamicity=true&operation=findAll
2025-05-20T15:47:51.230+05:30  INFO 22476 --- [mycart-app] [           main] o.a.c.component.mongodb.MongoDbEndpoint  : Initialising MongoDb endpoint: mongodb://mongoBean?collection=category&database=mycartdb&dynamicity=true&operation=findById
2025-05-20T15:47:51.231+05:30  INFO 22476 --- [mycart-app] [           main] o.a.c.component.mongodb.MongoDbEndpoint  : Initialising MongoDb endpoint: mongodb://mongoBean?collection=category&database=mycartdb&dynamicity=true&operation=findById
2025-05-20T15:47:51.231+05:30  INFO 22476 --- [mycart-app] [           main] o.a.c.component.mongodb.MongoDbEndpoint  : Initialising MongoDb endpoint: mongodb://mongoBean?collection=item&database=mycartdb&operation=findById
2025-05-20T15:47:51.231+05:30  INFO 22476 --- [mycart-app] [           main] o.a.c.component.mongodb.MongoDbEndpoint  : Initialising MongoDb endpoint: mongodb://mongoBean?collection=item&database=mycartdb&dynamicity=true&operation=insert
2025-05-20T15:47:51.486+05:30  INFO 22476 --- [mycart-app] [           main] o.a.c.impl.engine.AbstractCamelContext   : Routes startup (total:5 rest-dsl:5)
2025-05-20T15:47:51.486+05:30  INFO 22476 --- [mycart-app] [           main] o.a.c.impl.engine.AbstractCamelContext   :     Started get-item-by-id-route (rest://get:/mycart/item:/%7Bid%7D)
2025-05-20T15:47:51.487+05:30  INFO 22476 --- [mycart-app] [           main] o.a.c.impl.engine.AbstractCamelContext   :     Started get-items-by-category-route (rest://get:/mycart/items:/%7BcategoryId%7D)
2025-05-20T15:47:51.487+05:30  INFO 22476 --- [mycart-app] [           main] o.a.c.impl.engine.AbstractCamelContext   :     Started insert-item-route (rest://post:/mycart/insertItem)
2025-05-20T15:47:51.487+05:30  INFO 22476 --- [mycart-app] [           main] o.a.c.impl.engine.AbstractCamelContext   :     Started route-update-inventory-process (rest://post:/mycart/updateInventory)
2025-05-20T15:47:51.487+05:30  INFO 22476 --- [mycart-app] [           main] o.a.c.impl.engine.AbstractCamelContext   :     Started route-inventory-update-rest (rest://post:/mycart:/updateInventoryAsync)
2025-05-20T15:47:51.487+05:30  INFO 22476 --- [mycart-app] [           main] o.a.c.impl.engine.AbstractCamelContext   : Apache Camel 4.11.0 (camel-1) started in 272ms (build:0ms init:0ms start:272ms boot:2s318ms)
2025-05-20T15:47:51.490+05:30  INFO 22476 --- [mycart-app] [           main] c.m.m.MycartAppApplicationTests          : Started MycartAppApplicationTests in 4.13 seconds (process running for 5.313)
]]></system-out>
    <system-err><![CDATA[Mockito is currently self-attaching to enable the inline-mock-maker. This will no longer work in future releases of the JDK. Please add Mockito as an agent to your build what is described in Mockito's documentation: https://javadoc.io/doc/org.mockito/mockito-core/latest/org/mockito/Mockito.html#0.3
WARNING: A Java agent has been loaded dynamically (C:\Users\290676\.m2\repository\net\bytebuddy\byte-buddy-agent\1.15.11\byte-buddy-agent-1.15.11.jar)
WARNING: If a serviceability tool is in use, please run with -XX:+EnableDynamicAgentLoading to hide this warning
WARNING: If a serviceability tool is not in use, please run with -Djdk.instrument.traceUsage for more information
WARNING: Dynamic loading of agents will be disallowed by default in a future release
]]></system-err>
  </testcase>
</testsuite>